0 info it worked if it ends with ok
1 verbose cli [ '/usr/local/bin/node',
1 verbose cli   '/usr/local/bin/npm',
1 verbose cli   'install',
1 verbose cli   '-g',
1 verbose cli   'ios-deploy' ]
2 info using npm@3.10.9
3 info using node@v6.9.1
4 silly loadCurrentTree Starting
5 silly install loadCurrentTree
6 silly install readGlobalPackageData
7 silly fetchPackageMetaData ios-deploy
8 silly fetchNamedPackageData ios-deploy
9 silly mapToRegistry name ios-deploy
10 silly mapToRegistry using default registry
11 silly mapToRegistry registry https://registry.npmjs.org/
12 silly mapToRegistry data Result {
12 silly mapToRegistry   raw: 'ios-deploy',
12 silly mapToRegistry   scope: null,
12 silly mapToRegistry   escapedName: 'ios-deploy',
12 silly mapToRegistry   name: 'ios-deploy',
12 silly mapToRegistry   rawSpec: '',
12 silly mapToRegistry   spec: 'latest',
12 silly mapToRegistry   type: 'tag' }
13 silly mapToRegistry uri https://registry.npmjs.org/ios-deploy
14 verbose request uri https://registry.npmjs.org/ios-deploy
15 verbose request no auth needed
16 info attempt registry request try #1 at 23:12:18
17 verbose request using bearer token for auth
18 verbose request id ac2e868d523398f6
19 verbose etag W/"58042da1-9e49"
20 verbose lastModified Mon, 17 Oct 2016 01:47:13 GMT
21 http request GET https://registry.npmjs.org/ios-deploy
22 http 304 https://registry.npmjs.org/ios-deploy
23 verbose headers { server: 'nginx/1.10.1',
23 verbose headers   'last-modified': 'Mon, 17 Oct 2016 01:47:13 GMT',
23 verbose headers   etag: '"58042da1-9e49"',
23 verbose headers   'cache-control': 'max-age=300',
23 verbose headers   'accept-ranges': 'bytes',
23 verbose headers   date: 'Sat, 19 Nov 2016 22:12:20 GMT',
23 verbose headers   via: '1.1 varnish',
23 verbose headers   connection: 'keep-alive',
23 verbose headers   'x-served-by': 'cache-cdg8724-CDG',
23 verbose headers   'x-cache': 'MISS',
23 verbose headers   'x-cache-hits': '0',
23 verbose headers   'x-timer': 'S1479593540.157037,VS0,VE15',
23 verbose headers   vary: 'Accept-Encoding' }
24 silly get cb [ 304,
24 silly get   { server: 'nginx/1.10.1',
24 silly get     'last-modified': 'Mon, 17 Oct 2016 01:47:13 GMT',
24 silly get     etag: '"58042da1-9e49"',
24 silly get     'cache-control': 'max-age=300',
24 silly get     'accept-ranges': 'bytes',
24 silly get     date: 'Sat, 19 Nov 2016 22:12:20 GMT',
24 silly get     via: '1.1 varnish',
24 silly get     connection: 'keep-alive',
24 silly get     'x-served-by': 'cache-cdg8724-CDG',
24 silly get     'x-cache': 'MISS',
24 silly get     'x-cache-hits': '0',
24 silly get     'x-timer': 'S1479593540.157037,VS0,VE15',
24 silly get     vary: 'Accept-Encoding' } ]
25 verbose etag https://registry.npmjs.org/ios-deploy from cache
26 verbose get saving ios-deploy to /Users/pauldebarthez/.npm/registry.npmjs.org/ios-deploy/.cache.json
27 verbose correctMkdir /Users/pauldebarthez/.npm correctMkdir not in flight; initializing
28 silly install normalizeTree
29 silly loadCurrentTree Finishing
30 silly loadIdealTree Starting
31 silly install loadIdealTree
32 silly cloneCurrentTree Starting
33 silly install cloneCurrentTreeToIdealTree
34 silly cloneCurrentTree Finishing
35 silly loadShrinkwrap Starting
36 silly install loadShrinkwrap
37 silly loadShrinkwrap Finishing
38 silly loadAllDepsIntoIdealTree Starting
39 silly install loadAllDepsIntoIdealTree
40 silly resolveWithNewModule ios-deploy@1.9.0 checking installable status
41 silly cache add args [ 'ios-deploy', null ]
42 verbose cache add spec ios-deploy
43 silly cache add parsed spec Result {
43 silly cache add   raw: 'ios-deploy',
43 silly cache add   scope: null,
43 silly cache add   escapedName: 'ios-deploy',
43 silly cache add   name: 'ios-deploy',
43 silly cache add   rawSpec: '',
43 silly cache add   spec: 'latest',
43 silly cache add   type: 'tag' }
44 silly addNamed ios-deploy@latest
45 verbose addNamed "latest" is being treated as a dist-tag for ios-deploy
46 info addNameTag [ 'ios-deploy', 'latest' ]
47 silly mapToRegistry name ios-deploy
48 silly mapToRegistry using default registry
49 silly mapToRegistry registry https://registry.npmjs.org/
50 silly mapToRegistry data Result {
50 silly mapToRegistry   raw: 'ios-deploy',
50 silly mapToRegistry   scope: null,
50 silly mapToRegistry   escapedName: 'ios-deploy',
50 silly mapToRegistry   name: 'ios-deploy',
50 silly mapToRegistry   rawSpec: '',
50 silly mapToRegistry   spec: 'latest',
50 silly mapToRegistry   type: 'tag' }
51 silly mapToRegistry uri https://registry.npmjs.org/ios-deploy
52 verbose addNameTag registry:https://registry.npmjs.org/ios-deploy not in flight; fetching
53 verbose get https://registry.npmjs.org/ios-deploy not expired, no request
54 silly addNameTag next cb for ios-deploy with tag latest
55 silly addNamed ios-deploy@1.9.0
56 verbose addNamed "1.9.0" is a plain semver version for ios-deploy
57 silly cache afterAdd ios-deploy@1.9.0
58 verbose afterAdd /Users/pauldebarthez/.npm/ios-deploy/1.9.0/package/package.json not in flight; writing
59 verbose correctMkdir /Users/pauldebarthez/.npm correctMkdir not in flight; initializing
60 verbose afterAdd /Users/pauldebarthez/.npm/ios-deploy/1.9.0/package/package.json written
61 silly loadAllDepsIntoIdealTree Finishing
62 silly loadIdealTree Finishing
63 silly currentTree lib
64 silly idealTree lib
64 silly idealTree └── ios-deploy@1.9.0
65 silly generateActionsToTake Starting
66 silly install generateActionsToTake
67 silly generateActionsToTake Finishing
68 silly diffTrees action count 1
69 silly diffTrees add ios-deploy@1.9.0
70 silly decomposeActions action count 8
71 silly decomposeActions fetch ios-deploy@1.9.0
72 silly decomposeActions extract ios-deploy@1.9.0
73 silly decomposeActions test ios-deploy@1.9.0
74 silly decomposeActions preinstall ios-deploy@1.9.0
75 silly decomposeActions build ios-deploy@1.9.0
76 silly decomposeActions install ios-deploy@1.9.0
77 silly decomposeActions postinstall ios-deploy@1.9.0
78 silly decomposeActions finalize ios-deploy@1.9.0
79 silly runTopLevelLifecycles Starting
80 silly executeActions Starting
81 silly install executeActions
82 silly doSerial global-install 0
83 silly doParallel fetch 1
84 verbose correctMkdir /Users/pauldebarthez/.npm/_locks correctMkdir not in flight; initializing
85 verbose lock using /Users/pauldebarthez/.npm/_locks/staging-3a08f0df5026584d.lock for /usr/local/lib/node_modules/.staging
86 silly doParallel extract 1
87 silly extract ios-deploy@1.9.0
88 verbose unbuild lib/node_modules/.staging/ios-deploy-298c9491
89 silly gentlyRm /usr/local/lib/node_modules/.staging/ios-deploy-298c9491 is being purged from base /usr/local
90 verbose gentlyRm don't care about contents; nuking /usr/local/lib/node_modules/.staging/ios-deploy-298c9491
91 verbose tar unpack /Users/pauldebarthez/.npm/ios-deploy/1.9.0/package.tgz
92 verbose tar unpacking to /usr/local/lib/node_modules/.staging/ios-deploy-298c9491
93 silly gentlyRm /usr/local/lib/node_modules/.staging/ios-deploy-298c9491 is being purged
94 verbose gentlyRm don't care about contents; nuking /usr/local/lib/node_modules/.staging/ios-deploy-298c9491
95 silly gunzTarPerm modes [ '755', '644' ]
96 silly gunzTarPerm extractEntry package.json
97 silly gunzTarPerm extractEntry .npmignore
98 silly gunzTarPerm extractEntry README.md
99 silly gunzTarPerm extractEntry LICENSE
100 silly gunzTarPerm extractEntry demo/.npmignore
101 silly gunzTarPerm extractEntry demo/Entitlements.plist
102 silly gunzTarPerm extractEntry demo/Info.plist
103 silly gunzTarPerm extractEntry demo/Makefile
104 silly gunzTarPerm extractEntry demo/ResourceRules.plist
105 silly gunzTarPerm extractEntry demo/demo.c
106 silly gunzTarPerm extractEntry ios-deploy.xcodeproj/project.pbxproj
107 silly gunzTarPerm extractEntry ios-deploy.xcodeproj/project.xcworkspace/contents.xcworkspacedata
108 silly gunzTarPerm extractEntry ios-deploy.xcodeproj/project.xcworkspace/xcuserdata/shazron.xcuserdatad/UserInterfaceState.xcuserstate
109 silly gunzTarPerm extractEntry ios-deploy.xcodeproj/xcshareddata/xcschemes/ios-deploy-tests.xcscheme
110 silly gunzTarPerm extractEntry ios-deploy.xcodeproj/xcuserdata/shazron.xcuserdatad/xcschemes/ios-deploy-lib.xcscheme
111 silly gunzTarPerm extractEntry ios-deploy.xcodeproj/xcuserdata/shazron.xcuserdatad/xcschemes/ios-deploy.xcscheme
112 silly gunzTarPerm extractEntry ios-deploy.xcodeproj/xcuserdata/shazron.xcuserdatad/xcschemes/xcschememanagement.plist
113 silly gunzTarPerm extractEntry CONTRIBUTING.md
114 silly gunzTarPerm extractEntry src/ios-deploy/MobileDevice.h
115 silly gunzTarPerm extractEntry src/ios-deploy/errors.h
116 silly gunzTarPerm extractEntry src/ios-deploy/ios-deploy.m
117 silly gunzTarPerm extractEntry src/ios-deploy/version.h
118 silly gunzTarPerm extractEntry src/ios-deploy-lib/libios_deploy.h
119 silly gunzTarPerm extractEntry src/ios-deploy-lib/libios_deploy.m
120 silly gunzTarPerm extractEntry src/ios-deploy-tests/Info.plist
121 silly gunzTarPerm extractEntry src/ios-deploy-tests/ios_deploy_tests.m
122 silly gunzTarPerm extractEntry src/scripts/check_reqs.js
123 silly gunzTarPerm extractEntry src/scripts/lldb.py
124 silly gentlyRm /usr/local/lib/node_modules/.staging/ios-deploy-298c9491/node_modules is being purged
125 verbose gentlyRm don't care about contents; nuking /usr/local/lib/node_modules/.staging/ios-deploy-298c9491/node_modules
126 silly doParallel preinstall 1
127 silly preinstall ios-deploy@1.9.0 /usr/local/lib/node_modules/.staging/ios-deploy-298c9491
128 info lifecycle ios-deploy@1.9.0~preinstall: ios-deploy@1.9.0
129 warn lifecycle ios-deploy@1.9.0~preinstall: cannot run in wd %s %s (wd=%s) ios-deploy@1.9.0 ./src/scripts/check_reqs.js && xcodebuild /usr/local/lib/node_modules/.staging/ios-deploy-298c9491
130 silly doReverseSerial remove 0
131 silly doSerial move 0
132 silly doSerial finalize 1
133 silly finalize /usr/local/lib/node_modules/ios-deploy
134 silly doSerial build 1
135 silly build ios-deploy@1.9.0
136 info linkStuff ios-deploy@1.9.0
137 silly linkStuff ios-deploy@1.9.0 has /usr/local/lib/node_modules as its parent node_modules
138 silly linkStuff ios-deploy@1.9.0 is part of a global install
139 silly linkStuff ios-deploy@1.9.0 is installed into a global node_modules
140 silly linkStuff ios-deploy@1.9.0 is installed into the top-level global node_modules
141 verbose linkBins ios-deploy@1.9.0
142 verbose link bins [ { 'ios-deploy': './build/Release/ios-deploy' },
142 verbose link bins   '/usr/local/bin',
142 verbose link bins   true ]
143 verbose linkMans ios-deploy@1.9.0
144 verbose unlock done using /Users/pauldebarthez/.npm/_locks/staging-3a08f0df5026584d.lock for /usr/local/lib/node_modules/.staging
145 silly rollbackFailedOptional Starting
146 silly rollbackFailedOptional Finishing
147 silly runTopLevelLifecycles Finishing
148 silly install printInstalled
149 verbose stack Error: ENOENT: no such file or directory, chmod '/usr/local/lib/node_modules/ios-deploy/build/Release/ios-deploy'
149 verbose stack     at Error (native)
150 verbose cwd /Users/pauldebarthez/myApp
151 error Darwin 15.6.0
152 error argv "/usr/local/bin/node" "/usr/local/bin/npm" "install" "-g" "ios-deploy"
153 error node v6.9.1
154 error npm  v3.10.9
155 error path /usr/local/lib/node_modules/ios-deploy/build/Release/ios-deploy
156 error code ENOENT
157 error errno -2
158 error syscall chmod
159 error enoent ENOENT: no such file or directory, chmod '/usr/local/lib/node_modules/ios-deploy/build/Release/ios-deploy'
160 error enoent ENOENT: no such file or directory, chmod '/usr/local/lib/node_modules/ios-deploy/build/Release/ios-deploy'
160 error enoent This is most likely not a problem with npm itself
160 error enoent and is related to npm not being able to find a file.
161 verbose exit [ -2, true ]
